C51 COMPILER V9.57.0.0   MAIN                                                              04/04/2022 12:59:14 PAGE 1   


C51 COMPILER V9.57.0.0, COMPILATION OF MODULE MAIN
OBJECT MODULE PLACED IN .\Objects\main.obj
COMPILER INVOKED BY: D:\Simulation\ARM\Keil_v5\C51\BIN\C51.EXE main.c OPTIMIZE(8,SPEED) BROWSE DEBUG OBJECTEXTEND PRINT(
                    -.\Listings\main.lst) TABS(2) OBJECT(.\Objects\main.obj)

line level    source

   1          /*
   2          HC165演示代码
   3          */
   4          #include "reg51.h" 
   5          #include <LCD1602.h>
   6          
   7          #define uchar unsigned char   
   8          #define uint unsigned int   
   9          
  10          uchar str[8] ="abcdefgh";
  11          unsigned long Data_HC165 = 0;
  12          
  13          
  14          void main()   
  15          {   
  16   1          LCD_init();//液晶屏初始化
  17   1          LCD_send(1,1,str,8);//显示数据
  18   1        while(1)   
  19   1          {
  20   2          ;
  21   2          }
  22   1      }


MODULE INFORMATION:   STATIC OVERLAYABLE
   CODE SIZE        =     21    ----
   CONSTANT SIZE    =   ----    ----
   XDATA SIZE       =   ----    ----
   PDATA SIZE       =   ----    ----
   DATA SIZE        =     12    ----
   IDATA SIZE       =   ----    ----
   BIT SIZE         =   ----    ----
END OF MODULE INFORMATION.


C51 COMPILATION COMPLETE.  0 WARNING(S),  0 ERROR(S)
