C51 COMPILER V9.57.0.0   MAIN                                                              04/03/2022 21:28:41 PAGE 1   


C51 COMPILER V9.57.0.0, COMPILATION OF MODULE MAIN
OBJECT MODULE PLACED IN .\Objects\main.obj
COMPILER INVOKED BY: D:\Simulation\ARM\Keil_v5\C51\BIN\C51.EXE main.c OPTIMIZE(8,SPEED) BROWSE DEBUG OBJECTEXTEND PRINT(
                    -.\Listings\main.lst) TABS(2) OBJECT(.\Objects\main.obj)

line level    source

   1          /*
   2          HC165演示代码
   3          */
   4          #include "reg51.h" 
   5          #include <LCD1602.h>
   6          
   7          #define uchar unsigned char   
   8          #define uint unsigned int   
   9          
  10          uchar Data_str[12] ="Data:-------";
  11          unsigned long Data_HC165 = 0;
  12          sbit CLK=P1^0; //并-串转换芯片HC165时钟
  13          sbit INH=P1^1; //并-串转换芯片HC165时钟使能
  14          sbit read =P1^2; //并-串转换芯片HC165数据锁存
  15          sbit DATA_BIT = P1^3; //并-串转换芯片HC165数据读取
  16          
  17          void Tran()  //转换数据为字符串
  18          { 
  19   1        Data_str[5] = Data_HC165/100000 + '0';
  20   1        Data_str[6] = Data_HC165/100000 + '0';
  21   1        Data_str[7] = (Data_HC165/10000)%10 + '0';
  22   1        Data_str[8] = (Data_HC165/1000)%10 + '0';
  23   1        Data_str[9] = (Data_HC165/100)%10 + '0';
  24   1        Data_str[10] = (Data_HC165/10)%10 + '0';
  25   1        Data_str[11] = Data_HC165%10 + '0';
  26   1      }
  27          
  28             
  29          void init_time()  //定时&中断初始化 
  30          {   
  31   1        IT0 = 1;//设外部中断0为下降沿触发
  32   1        EX0 = 1;//开外部中断0
  33   1        EA = 1;//开总中断
  34   1      }
  35          
  36          void main()   
  37          {   
  38   1          LCD_init();//液晶屏初始化
  39   1          init_time();
  40   1          
  41   1          while(1)   
  42   1          {
  43   2            if(1)
  44   2            {   
  45   3            Tran();//将数据转换为字符串
  46   3            LCD_send(2,1,Data_str,12);//显示数据    
  47   3            }       
  48   2          }
  49   1      }
  50             
  51          void et_intt0(void) interrupt 0 //外部中断0
  52          { 
  53   1        uchar i;
  54   1        //锁存数据
C51 COMPILER V9.57.0.0   MAIN                                                              04/03/2022 21:28:41 PAGE 2   

  55   1        read=0;read=0;read=0;read=0;
  56   1        read=1;
  57   1        //使能读取CLK
  58   1        INH=0;
  59   1        //清零上一次读数
  60   1        Data_HC165=0;
  61   1        //16位数据读取
  62   1        for(i=0;i<15;i++){  
  63   2          CLK=0;
  64   2          if(DATA_BIT)
  65   2          Data_HC165 |= 1;
  66   2          CLK=1;
  67   2          Data_HC165 = Data_HC165 << 1;
  68   2        }
  69   1        CLK=0;
  70   1        if(DATA_BIT)
  71   1        Data_HC165 |= 1;
  72   1        CLK=1;
  73   1        //失能时钟
  74   1        INH=1;
  75   1      }   
  76                                                       


MODULE INFORMATION:   STATIC OVERLAYABLE
   CODE SIZE        =    348    ----
   CONSTANT SIZE    =   ----    ----
   XDATA SIZE       =   ----    ----
   PDATA SIZE       =   ----    ----
   DATA SIZE        =     16    ----
   IDATA SIZE       =   ----    ----
   BIT SIZE         =   ----    ----
END OF MODULE INFORMATION.


C51 COMPILATION COMPLETE.  0 WARNING(S),  0 ERROR(S)
