C51 COMPILER V9.56.0.0   LCD1602                                                           05/09/2021 16:38:32 PAGE 1   


C51 COMPILER V9.56.0.0, COMPILATION OF MODULE LCD1602
OBJECT MODULE PLACED IN .\Objects\LCD1602.obj
COMPILER INVOKED BY: E:\keil5_C51\C51\BIN\C51.EXE LCD1602.c OPTIMIZE(8,SPEED) BROWSE INCDIR(..\code) DEBUG OBJECTEXTEND 
                    -PRINT(.\Listings\LCD1602.lst) TABS(2) OBJECT(.\Objects\LCD1602.obj)

line level    source

   1          #include <LCD1602.h>
   2          #include "reg51.h" 
   3          #include <delay.h>
   4          #define LCD1602_data P0
   5          sbit RS = P2^6;
   6          sbit RW = P2^5;
   7          sbit EN = P2^7;
   8          
   9          void LCD_send(unsigned char i,unsigned char j,unsigned char str[],unsigned char n)
  10          {
  11   1        //输入：显示行数i,列数j，输出字符，输出字符长度n
  12   1        unsigned char x=0;
  13   1        if(i==1)
  14   1        {write_com(0x80+j);}
  15   1        else
  16   1        {write_com(0x80+0x40+j);}
  17   1          for(x=0;x<n;x++)
  18   1          {
  19   2               write_date(str[x]);
  20   2              delay_ms(150);
  21   2          }
  22   1      }
  23              
  24          int LCD_init()//初始化函数体
  25          {
  26   1          EN = 0;
  27   1          write_com(0X38);//设置16*2显示，5*7点阵，8位数据接口
  28   1          write_com(0X0C);//设置开显示，不显示光标
  29   1          write_com(0X06);//写一个字符时，整屏右移
  30   1          write_com(0X01);//显示清零
  31   1          return 0;
  32   1      }
  33          
  34          int write_com(unsigned char com)//写命令的函数体
  35          {
  36   1          RS = 0;
  37   1          RW = 0;
  38   1          LCD1602_data = com;
  39   1          delay_ms(5);
  40   1          EN = 1;
  41   1          delay_ms(5);
  42   1          EN = 0;
  43   1          return 0;
  44   1      }
  45          
  46          int write_date(unsigned char data1)//写数据的函数体
  47          {
  48   1          RS = 1;
  49   1          RW = 0;
  50   1          LCD1602_data = data1;
  51   1          delay_ms(5);
  52   1          EN = 1;
  53   1          delay_ms(5);
  54   1          EN = 0;
C51 COMPILER V9.56.0.0   LCD1602                                                           05/09/2021 16:38:32 PAGE 2   

  55   1          return 0;
  56   1      }


MODULE INFORMATION:   STATIC OVERLAYABLE
   CODE SIZE        =    139    ----
   CONSTANT SIZE    =   ----    ----
   XDATA SIZE       =   ----    ----
   PDATA SIZE       =   ----    ----
   DATA SIZE        =   ----       7
   IDATA SIZE       =   ----    ----
   BIT SIZE         =   ----    ----
END OF MODULE INFORMATION.


C51 COMPILATION COMPLETE.  0 WARNING(S),  0 ERROR(S)
