C51 COMPILER V9.56.0.0   SRF04                                                             05/09/2021 16:32:03 PAGE 1   


C51 COMPILER V9.56.0.0, COMPILATION OF MODULE SRF04
OBJECT MODULE PLACED IN .\Objects\srf04.obj
COMPILER INVOKED BY: E:\keil5_C51\C51\BIN\C51.EXE srf04.c OPTIMIZE(8,SPEED) BROWSE INCDIR(..\code) DEBUG OBJECTEXTEND PR
                    -INT(.\Listings\srf04.lst) TABS(2) OBJECT(.\Objects\srf04.obj)

line level    source

   1          #include "reg51.h" 
   2          #include <delay.h>
   3          sbit Trig = P1^0;
   4          sbit Echo = P1^1;
   5          
   6          unsigned int Read_srf04(void)
   7          {
   8   1          unsigned int Tran_time=0,distance=0;//定义传播时长变量与距离变量
   9   1      
  10   1          Trig=1;   //测量启动信号
  11   1          delay_ms(1);
  12   1          Trig=0;
  13   1        
  14   1          while(!Echo);   //当RX为零时等待
  15   1          TR0=1;          //开启计数
  16   1          while(Echo);      //当RX为1计数并等待
  17   1          TR0=0;        //关闭计数
  18   1      
  19   1          Tran_time=TH0*256+TL0;//获取传播时长并清零计数器
  20   1          TH0=0;
  21   1          TL0=0;
  22   1      
  23   1          distance = (Tran_time*1.7)/100;     //算出来是CM
  24   1      
  25   1          return distance;
  26   1      }


MODULE INFORMATION:   STATIC OVERLAYABLE
   CODE SIZE        =     85    ----
   CONSTANT SIZE    =   ----    ----
   XDATA SIZE       =   ----    ----
   PDATA SIZE       =   ----    ----
   DATA SIZE        =   ----       4
   IDATA SIZE       =   ----    ----
   BIT SIZE         =   ----    ----
END OF MODULE INFORMATION.


C51 COMPILATION COMPLETE.  0 WARNING(S),  0 ERROR(S)
