C51 COMPILER V9.57.0.0   DS18B20                                                           06/05/2022 21:38:13 PAGE 1   


C51 COMPILER V9.57.0.0, COMPILATION OF MODULE DS18B20
OBJECT MODULE PLACED IN .\Objects\DS18B20.obj
COMPILER INVOKED BY: D:\Simulation\ARM\Keil_v5\C51\BIN\C51.EXE DS18B20.c OPTIMIZE(8,SPEED) BROWSE DEBUG OBJECTEXTEND PRI
                    -NT(.\Listings\DS18B20.lst) TABS(2) OBJECT(.\Objects\DS18B20.obj)

line level    source

   1          #include <DS18B20.h>
   2          void delay_18B20(unsigned int i)
   3          {
   4   1      while(i--);
   5   1      }
   6          //初始化函数
   7          bit Init_DS18B20(void)
   8          {
   9   1        unsigned char x=0;
  10   1        DQ = 1;
  11   1        delay_18B20(8);//稍做延时
  12   1        DQ = 0;//单片机将DQ拉低
  13   1        delay_18B20(80); //精确延时 大于 480us
  14   1        DQ = 1;//拉高总线
  15   1        delay_18B20(14);
  16   1        x=DQ;//稍做延时后 如果x=0则初始化成功 x=1则初始化失败
  17   1        delay_18B20(20);
  18   1        return(x); 
  19   1      }
  20          
  21          unsigned char ReadOneChar(void)
  22          {
  23   1        unsigned char i=0;
  24   1        unsigned char dat = 0;
  25   1        for (i=8;i>0;i--)
  26   1        {
  27   2          DQ = 0; // 给脉冲信号
  28   2          dat>>=1;
  29   2          DQ = 1; // 给脉冲信号
  30   2          if(DQ)
  31   2            dat|=0x80;
  32   2          delay_18B20(4);
  33   2        }
  34   1        return(dat);
  35   1      }
  36          //写一个字节
  37          void WriteOneChar(unsigned char dat)
  38          {
  39   1        unsigned char i=0;
  40   1        for (i=8; i>0; i--)
  41   1        {
  42   2          DQ = 0;
  43   2          
  44   2          DQ = dat&0x01; //输出位为零时实现长0短1；输出位为1时短0，短0长1。
  45   2          delay_18B20(5);
  46   2      
  47   2          DQ = 1;
  48   2          dat>>=1;
  49   2        }
  50   1      }
  51          int ReadTemperature(void)
  52          {
  53   1        unsigned char a=0;
  54   1        unsigned char b=0;
C51 COMPILER V9.57.0.0   DS18B20                                                           06/05/2022 21:38:13 PAGE 2   

  55   1        unsigned int t=0;
  56   1      
  57   1        Init_DS18B20();
  58   1        WriteOneChar(0xCC); // 跳过读序号列号的操作
  59   1        WriteOneChar(0x44); // 启动温度转换
  60   1        delay_18B20(100);//至少750ms
  61   1        Init_DS18B20();
  62   1        WriteOneChar(0xCC); //跳过读序号列号的操作
  63   1        WriteOneChar(0xBE); //读取温度寄存器
  64   1        a=ReadOneChar();
  65   1        b=ReadOneChar();
  66   1        if((b&0xf8)==0xf8) //位为1 时温度是负
  67   1        {
  68   2          b=~b;
  69   2          a=~a+1; //补码转换，取反加一
  70   2          if(a==0)b++;
  71   2          fg=0; //读取温度为负时fg=0
  72   2        }
  73   1        else
  74   1          fg=1;
  75   1        t=((b*256+a)*25)>>2;
  76   1        return(t);
  77   1      }


MODULE INFORMATION:   STATIC OVERLAYABLE
   CODE SIZE        =    215    ----
   CONSTANT SIZE    =   ----    ----
   XDATA SIZE       =   ----    ----
   PDATA SIZE       =   ----    ----
   DATA SIZE        =   ----    ----
   IDATA SIZE       =   ----    ----
   BIT SIZE         =   ----    ----
END OF MODULE INFORMATION.


C51 COMPILATION COMPLETE.  0 WARNING(S),  0 ERROR(S)
