C51 COMPILER V9.57.0.0   LCD                                                               06/05/2022 21:38:12 PAGE 1   


C51 COMPILER V9.57.0.0, COMPILATION OF MODULE LCD
OBJECT MODULE PLACED IN .\Objects\LCD.obj
COMPILER INVOKED BY: D:\Simulation\ARM\Keil_v5\C51\BIN\C51.EXE LCD.c OPTIMIZE(8,SPEED) BROWSE DEBUG OBJECTEXTEND PRINT(.
                    -\Listings\LCD.lst) TABS(2) OBJECT(.\Objects\LCD.obj)

line level    source

   1          #include <LCD.h>
   2           
   3          void Read_busy()
   4          {
   5   1        LCD_databus = 0X00;
   6   1        DI = 0;
   7   1        RW = 1;
   8   1        EN = 1;
   9   1        while(LCD_databus & 0x80)
  10   1        {;}
  11   1        EN = 0;
  12   1      }
  13          
  14          void write_LCD_command(uint8 value) //写命令函数
  15          {
  16   1        Read_busy();
  17   1        DI = 0; //0:写指令
  18   1        RW = 0; //0:写操作
  19   1        LCD_databus = value;
  20   1        EN = 1; //EN下降沿锁存有效数据
  21   1        _nop_();
  22   1        _nop_();
  23   1        _nop_();//空指令，短暂延时
  24   1        EN = 0;
  25   1      }
  26          
  27          void write_LCD_data(uint8 value)  //写数据函数
  28          {
  29   1        Read_busy();
  30   1        DI = 1; //1:写数据
  31   1        RW = 0; //写操作
  32   1        LCD_databus = value;
  33   1        EN = 1; //EN下降沿锁存有效数据
  34   1        _nop_();
  35   1        _nop_();
  36   1        _nop_();//空指令，短暂延时
  37   1        EN = 0;
  38   1      }
  39          
  40          void Set_page(uint8 page) //设置显示起始页
  41          {
  42   1        page = 0xB8 | page; //页的首地址为0xB8
  43   1        write_LCD_command(page);
  44   1      }
  45          
  46          void Set_line(uint8 startline)  //设置显示起始行
  47          {
  48   1        startline = 0xC0 | startline;
  49   1        write_LCD_command(startline);
  50   1      }
  51          
  52          void Set_column(uint8 column) //设置显示的列
  53          {
  54   1        column = column & 0x3F; //列的最大值为64
C51 COMPILER V9.57.0.0   LCD                                                               06/05/2022 21:38:12 PAGE 2   

  55   1        column = column | 0x40; //列的首地址为0x40
  56   1        write_LCD_command(column);
  57   1      } 
  58          
  59          void SetOnOff(uint8 onoff)  //显示开关函数，0x3E:关 0x3F:开
  60          {
  61   1        onoff = 0x3E | onoff; //onoff为0时关显示，为1时开显示
  62   1        write_LCD_command(onoff);
  63   1      }
  64          
  65          void SelectScreen(uint8 screen) //选择屏幕
  66          {
  67   1        switch(screen)
  68   1        {
  69   2          case 0:CS1 = 0;CS2 = 0;CS3=0;break;//全屏
  70   2          case 1:CS1 = 0;CS2 = 1;CS3=1;break;//左半屏
  71   2          case 2:CS1 = 1;CS2 = 0;CS3=1;break;//右半屏
  72   2          case 3:CS1 = 1;CS2 = 1;CS3=0;break;//右半屏
  73   2          default:break;
  74   2        }
  75   1      }
  76          
  77          void ClearScreen(uint8 screen)  //清屏
  78          {
  79   1        uint8 i,j;
  80   1        SelectScreen(screen);
  81   1        for(i=0;i<8;i++)
  82   1        {
  83   2          Set_page(i);
  84   2          Set_column(0);
  85   2          for(j=0;j<64;j++)
  86   2          {
  87   3            write_LCD_data(0x00); //写入0，地址指针自动加1
  88   3          }
  89   2        }
  90   1      }
  91          
  92          void InitLCD()
  93          {
  94   1        Read_busy();
  95   1        SelectScreen(0);
  96   1        SetOnOff(0);
  97   1        SelectScreen(0);
  98   1        SetOnOff(1);
  99   1        SelectScreen(0);
 100   1        ClearScreen(0);
 101   1        Set_line(0);
 102   1      }
 103          
 104          void show_num(uint8 screen,uint8 page,uint8 column,uint8 *p)//(屏幕，列，行，数据地址)
 105          {
 106   1        uint8 i;
 107   1        SelectScreen(screen);
 108   1        Set_page(page);
 109   1        Set_column(column);
 110   1        
 111   1        for(i=0;i<8;i++)  //采用16*8的字模
 112   1        {
 113   2          write_LCD_data(p[i]);
 114   2        }
 115   1        
 116   1        Set_page(page+1);
C51 COMPILER V9.57.0.0   LCD                                                               06/05/2022 21:38:12 PAGE 3   

 117   1        Set_column(column);
 118   1        for(i=0;i<8;i++)  //采用16*8的字模,"小四号字"
 119   1        {
 120   2          write_LCD_data(p[i+8]);
 121   2        }
 122   1      }
 123          
 124          void show_num48(uint8 screen,uint8 page,uint8 column,uint8 *p)//(屏幕，列，行，数据地址)
 125          {
 126   1        uint8 i;
 127   1        SelectScreen(screen);
 128   1        Set_page(page);
 129   1        Set_column(column);
 130   1        
 131   1        for(i=0;i<24;i++) //采用48*24的字模
 132   1        {
 133   2          write_LCD_data(p[i]);
 134   2        }
 135   1        
 136   1        Set_page(page+1);
 137   1        Set_column(column);
 138   1        for(i=0;i<24;i++) //采用48*24的字模,"小四号字"
 139   1        {
 140   2          write_LCD_data(p[i+24]);
 141   2        }
 142   1        
 143   1        Set_page(page+2);
 144   1        Set_column(column);
 145   1        for(i=0;i<24;i++) //采用48*24的字模,"小四号字"
 146   1        {
 147   2          write_LCD_data(p[i+48]);
 148   2        }
 149   1        
 150   1        Set_page(page+3);
 151   1        Set_column(column);
 152   1        for(i=0;i<24;i++) //采用48*24的字模,"小四号字"
 153   1        {
 154   2          write_LCD_data(p[i+72]);
 155   2        }
 156   1        
 157   1        Set_page(page+4);
 158   1        Set_column(column);
 159   1        for(i=0;i<24;i++) //采用48*24的字模,"小四号字"
 160   1        {
 161   2          write_LCD_data(p[i+96]);
 162   2        }
 163   1        
 164   1        Set_page(page+5);
 165   1        Set_column(column);
 166   1        for(i=0;i<24;i++) //采用48*24的字模,"小四号字"
 167   1        {
 168   2          write_LCD_data(p[i+120]);
 169   2        }
 170   1        
 171   1      }
 172          
 173          void show_ch(uint8 screen,uint8 page,uint8 column,uint8 *p)//(屏幕，列，行，数据地址)
 174          {
 175   1        uint8 i;
 176   1        SelectScreen(screen);
 177   1        Set_page(page);
 178   1        Set_column(column);
C51 COMPILER V9.57.0.0   LCD                                                               06/05/2022 21:38:12 PAGE 4   

 179   1        
 180   1        for(i=0;i<16;i++) //采用16*16的字模
 181   1        {
 182   2          write_LCD_data(p[i]);
 183   2        }
 184   1        
 185   1        Set_page(page+1);
 186   1        Set_column(column);
 187   1        for(i=0;i<16;i++) //采用16*16的字模,"小四号字"
 188   1        {
 189   2          write_LCD_data(p[i+16]);
 190   2        }
 191   1      }
 192          
 193          void show_im(uint8 screen,uint8 page,uint8 column,uint8 *p)
 194          {
 195   1        uint8 i;
 196   1        SelectScreen(screen);
 197   1        Set_page(page);
 198   1        Set_column(column);
 199   1      
 200   1        for(i=0;i<32;i++) //采用32*32的字模
 201   1        {
 202   2          write_LCD_data(p[i]);
 203   2        }
 204   1        
 205   1        Set_page(page+1);
 206   1        Set_column(column);
 207   1        for(i=0;i<32;i++) //采用32*32的字模
 208   1        {
 209   2          write_LCD_data(p[i+32]);
 210   2        }
 211   1        
 212   1        Set_page(page+2);
 213   1        Set_column(column);
 214   1        for(i=0;i<32;i++) //采用32*32的字模
 215   1        {
 216   2          write_LCD_data(p[i+64]);
 217   2        }
 218   1        
 219   1        Set_page(page+3);
 220   1        Set_column(column);
 221   1        for(i=0;i<32;i++) //采用32*32的字模
 222   1        {
 223   2          write_LCD_data(p[i+96]);
 224   2        }
 225   1      }
 226          
 227          
 228          
 229          
 230          
 231          


MODULE INFORMATION:   STATIC OVERLAYABLE
   CODE SIZE        =    574    ----
   CONSTANT SIZE    =   ----    ----
   XDATA SIZE       =   ----    ----
   PDATA SIZE       =   ----    ----
   DATA SIZE        =   ----      24
   IDATA SIZE       =   ----    ----
C51 COMPILER V9.57.0.0   LCD                                                               06/05/2022 21:38:12 PAGE 5   

   BIT SIZE         =   ----    ----
END OF MODULE INFORMATION.


C51 COMPILATION COMPLETE.  0 WARNING(S),  0 ERROR(S)
