C51 COMPILER V9.57.0.0   MAIN                                                              06/05/2022 23:27:32 PAGE 1   


C51 COMPILER V9.57.0.0, COMPILATION OF MODULE MAIN
OBJECT MODULE PLACED IN .\Objects\main.obj
COMPILER INVOKED BY: D:\Simulation\ARM\Keil_v5\C51\BIN\C51.EXE main.c OPTIMIZE(8,SPEED) BROWSE DEBUG OBJECTEXTEND PRINT(
                    -.\Listings\main.lst) TABS(2) OBJECT(.\Objects\main.obj)

line level    source

   1          #include <reg52.h>
   2          #include <intrins.h>
   3          #include <LCD.h>
   4          #include <FONT.h>
   5          #include <DS1302.h>
   6          #include <DS18B20.h>
   7          uchar time_data[6]={20,13,17,11,21,14};//时钟数据缓存
   8          uchar bell_data[6]={0,0,0,22,42,0};//闹钟设定时间
   9          uchar bell_flag=0;//闹铃功能开关
  10          uchar bell_onoff=0;//闹铃开关
  11          uchar fg;//温度负数标记
  12          sbit BEEP=P3^2;//蜂鸣器
  13          
  14          void delay50ms(void)   //误差 0us
  15          {
  16   1          unsigned char a,b;
  17   1          for(b=165;b>0;b--)
  18   1              for(a=150;a>0;a--);
  19   1      }
  20          
  21          /*显示时间*/
  22          void show_ds1302(uint8 *time)
  23          {
  24   1        //测试用代码
  25   1      //  uint8 i;
  26   1      //  for(i=0;i<4;i++)
  27   1      //  {
  28   1      //  show_num(2,0,i*16,num+16*(time[i]/10));
  29   1      //  show_num(2,0,i*16+8,num+16*(time[i]%10));
  30   1      //  }
  31   1        show_num(1,0,8,num+16*2);//2
  32   1        show_num(1,0,16,num+16*0);//0
  33   1        show_num(1,0,24,num+16*(time[0]/10));//年 十位
  34   1        show_num(1,0,32,num+16*(time[0]%10));//年 个位
  35   1        
  36   1        show_num(2,0,0,num+16*(time[1]/10));//月 十位
  37   1        show_num(2,0,8,num+16*(time[1]%10));//月 个位
  38   1        
  39   1        show_num(2,0,32,num+16*(time[2]/10));//日 十位
  40   1        show_num(2,0,40,num+16*(time[2]%10));//日 个位
  41   1        
  42   1        show_num48(1,2 ,8,num48+48*3*(time[3]/10));//时 十位
  43   1        show_num48(1,2 ,32,num48+48*3*(time[3]%10));//时 十位
  44   1        
  45   1        show_num48(2,2 ,16,num48+48*3*(time[4]/10));//分 十位
  46   1        show_num48(2,2 ,40,num48+48*3*(time[4]%10));//分 十位
  47   1      }
  48          
  49          
  50          void main()
  51          {
  52   1        int temp;//温度
  53   1        uchar key;//按键缓存
  54   1        uchar set_run=0;//按键run状态标识符
C51 COMPILER V9.57.0.0   MAIN                                                              06/05/2022 23:27:32 PAGE 2   

  55   1        uchar set_bell=0;//按键bell状态标识符
  56   1        uchar set_shift=0;//调时位置标识符
  57   1        uchar set_shift_bell=0;//bell调时位置标识符
  58   1        
  59   1      //  若需要预设初始时间启动下面俩行，仿真默认跟随系统时间
  60   1      //  uchar init_time[6]={21,12,31,23,59,15};//初始化时间参数 
  61   1      //  DS1302_init(init_time);
  62   1      
  63   1        while(Init_DS18B20());//DS18B20初始化
  64   1        InitLCD();//LCD初始化
  65   1        ClearScreen(0);
  66   1        Set_line(0);
  67   1      
  68   1        show_ch(1,0,40,ch1+32*0);//年
  69   1        show_ch(2,0,16,ch1+32*1);//月
  70   1        show_ch(2,0,48,ch1+32*2);//日
  71   1        
  72   1        show_num(2,4,0,num+16*10);//：
  73   1        
  74   1        show_num(3,0,32,num+16*11);//.
  75   1        show_ch(3,0,48,ch1+32*3);//℃
  76   1        
  77   1        show_im(3,3,16,image1);//图标
  78   1        
  79   1        
  80   1        while(1)
  81   1        { 
  82   2          key=P1;//读取按键
  83   2          switch(key)//响应按键
  84   2        {
  85   3        case 0xfe: //按下run键
  86   3            set_run=1;
  87   3        //读取当前时间并显示
  88   3            DS1302_Readtime();
  89   3            show_ds1302(time_data);
  90   3            while(set_run)
  91   3            {
  92   4              show_ds1302(time_data);//动态显示修改时间
  93   4              delay50ms();delay50ms();delay50ms();
  94   4              key=P1;
  95   4              switch(key)
  96   4              {
  97   5                case 0xfe: DS1302_SetTime(time_data);set_run = 0; break;//第二次按下run键保存时间并退出设置
  98   5                case 0xfd: if(set_shift++>3)set_shift=0;break;//移位
  99   5                case 0xfb: break;
 100   5                case 0xf7: time_data[4-set_shift]++;break;//up
 101   5                case 0xef: time_data[4-set_shift]--;break;//down
 102   5                default : break;
 103   5              }
 104   4            }       break;
 105   3        case 0xfd:  bell_onoff=0;BEEP=1; break;//关闭闹铃
 106   3        case 0xfb: 
 107   3          set_bell=1;//按下闹铃设置键
 108   3        //读取当前设定时间并显示
 109   3        show_ds1302(bell_data);
 110   3            while(set_bell)
 111   3            {
 112   4              show_ds1302(bell_data);
 113   4              delay50ms();delay50ms();delay50ms();
 114   4              key=P1;
 115   4              switch(key)
 116   4              {
C51 COMPILER V9.57.0.0   MAIN                                                              06/05/2022 23:27:32 PAGE 3   

 117   5                case 0xfe: bell_flag=!bell_flag;
 118   5                          if(bell_flag)show_ch(3,6,48,ch1+32*4);
 119   5                          else show_ch(3,6,48,ch1+32*5);
 120   5                        break;//开启或关闭闹钟使能
 121   5                case 0xfd: if(set_shift_bell++>0)set_shift_bell=0;break;//移动调整位置
 122   5                case 0xfb: set_bell=0;break;//退出时间设置
 123   5                case 0xf7: bell_data[4-set_shift_bell]++;break;//up
 124   5                case 0xef: bell_data[4-set_shift_bell]--;break;//down
 125   5                default : break;
 126   5              }
 127   4            }   break;
 128   3        default : break;
 129   3        };
 130   2          
 131   2          
 132   2          
 133   2        DS1302_Readtime();//读时间
 134   2        show_ds1302(time_data);//显示时间
 135   2        
 136   2        temp=ReadTemperature(); //读取温度
 137   2        //显示温度
 138   2        show_num(3,0,16,num+16*(temp/1000));
 139   2        show_num(3,0,24,num+16*(temp/100%10));
 140   2        show_num(3,0,40,num+16*(temp/10%10));
 141   2        if(fg)
 142   2          show_num(3,0,8,num+16*12);
 143   2        else
 144   2          show_num(3,0,8,num+16*13);
 145   2        
 146   2        if(bell_data[3]==time_data[3] && bell_data[4]==time_data[4] && bell_data[5]==time_data[5])//触发闹铃
 147   2        {
 148   3          bell_onoff=1;
 149   3        }
 150   2          if(bell_flag && bell_onoff)//闹铃运行
 151   2          {
 152   3          BEEP=!BEEP;
 153   3          }
 154   2        }
 155   1      }


MODULE INFORMATION:   STATIC OVERLAYABLE
   CODE SIZE        =   1151    ----
   CONSTANT SIZE    =   1984    ----
   XDATA SIZE       =   ----    ----
   PDATA SIZE       =   ----    ----
   DATA SIZE        =     15      10
   IDATA SIZE       =   ----    ----
   BIT SIZE         =   ----    ----
END OF MODULE INFORMATION.


C51 COMPILATION COMPLETE.  0 WARNING(S),  0 ERROR(S)
