C51 COMPILER V9.57.0.0   PWM                                                               07/25/2021 09:10:07 PAGE 1   


C51 COMPILER V9.57.0.0, COMPILATION OF MODULE PWM
OBJECT MODULE PLACED IN .\Objects\PWM.obj
COMPILER INVOKED BY: D:\Simulation\ARM\Keil_v5\C51\BIN\C51.EXE PWM.c OPTIMIZE(8,SPEED) BROWSE DEBUG OBJECTEXTEND PRINT(.
                    -\Listings\PWM.lst) TABS(2) OBJECT(.\Objects\PWM.obj)

line level    source

   1          #include "reg52.h"   
   2          typedef unsigned int u16;   
   3          typedef unsigned char u8;
   4          
   5          sbit k1 = P3^0;     //P3.0口接按键   
   6          sbit PWM_out1 = P2^0;//P2.0口输出PWM信号
   7          
   8          u16 THHL=65535-35;//每隔0.05ms溢出
   9          u16 i=0;//主计数器
  10          u8 D1=20; //舵机占空比参数
  11          bit swing=1;//旋转控制
  12          
  13          void delay600ms(void)
  14          {
  15   1          unsigned char a,b,c;
  16   1          for(c=235;c>0;c--)
  17   1              for(b=94;b>0;b--)
  18   1                  for(a=11;a>0;a--);
  19   1      }
  20          void keys()   
  21          {       
  22   1        if(k1==0)     //检测按键是否按下
  23   1        {    
  24   2          swing=!swing; 
  25   2        } 
  26   1        while(!k1);//松开按键
  27   1      }
  28          
  29          void main()
  30          { 
  31   1        bit up_down=1;
  32   1        TMOD = 0x01;
  33   1        TH0 = THHL /256;//高四位初值
  34   1        TL0 = THHL %256;//低四位初值
  35   1        EA = 1;      //开总中断
  36   1        ET0 = 1;     //T1开时定时器溢出
  37   1        TR0 = 1;     //开启定时器
  38   1        
  39   1        while(1)
  40   1        { 
  41   2          keys();  //按键处理函数 
  42   2          if(swing)
  43   2          {
  44   3            if(up_down)
  45   3            {
  46   4              D1++;if(D1>49)up_down=0;
  47   4            }
  48   3            else
  49   3            {
  50   4              D1--;if(D1<11)up_down=1;
  51   4            }
  52   3          }
  53   2          delay600ms();
  54   2        }   
C51 COMPILER V9.57.0.0   PWM                                                               07/25/2021 09:10:07 PAGE 2   

  55   1      }
  56          
  57          void time_intt1(void) interrupt 1  
  58          { 
  59   1        TH0=THHL/256;TL0=THHL%256; 
  60   1        if(i>=400) i=0;//400分辨率
  61   1        
  62   1        if(i<=D1)
  63   1          PWM_out1=1;
  64   1        else
  65   1          PWM_out1=0;
  66   1        
  67   1        i++;
  68   1      }   
  69          


MODULE INFORMATION:   STATIC OVERLAYABLE
   CODE SIZE        =    136    ----
   CONSTANT SIZE    =   ----    ----
   XDATA SIZE       =   ----    ----
   PDATA SIZE       =   ----    ----
   DATA SIZE        =      5    ----
   IDATA SIZE       =   ----    ----
   BIT SIZE         =      1       1
END OF MODULE INFORMATION.


C51 COMPILATION COMPLETE.  0 WARNING(S),  0 ERROR(S)
